[2021-06-28 16:25:22,398] (I:aiogram) Bot: Обучение нейросети [@learn_network_bot]
[2021-06-28 16:25:22,398] (I:aiogram.dispatcher.dispatcher) Start polling.
[2021-06-28 16:26:48,369] (I:frontend.low) id:412173337 Text:******** State:None
[2021-06-28 16:26:48,373] (I:frontend.menu) id:412173337 Text:******** State:None
[2021-06-28 16:27:30,181] (I:frontend.low) id:412173337 Text:******** State:None
[2021-06-28 16:27:30,183] (I:frontend.menu) id:412173337 Text:******** State:None
[2021-06-28 16:28:25,684] (I:frontend.menu) id:442938880 Text:******** State:None
[2021-06-28 16:28:32,293] (I:frontend.question) id:442938880 Text:Принять участие State:None
[2021-06-28 16:28:34,412] (I:frontend.question) id:442938880 Text:Начать тестирование State:Test_factory:state
[2021-06-28 16:28:38,019] (I:frontend.question) id:442938880 Text:Да State:Test_factory:state
[2021-06-28 16:28:40,273] (I:frontend.question) id:442938880 Text:Да State:Test_factory:state
[2021-06-28 16:28:41,088] (I:frontend.question) id:442938880 Text:Да State:Test_factory:state
[2021-06-28 16:28:44,255] (I:frontend.question) id:442938880 Text:Нет State:Test_factory:state
[2021-06-28 16:28:46,284] (I:frontend.question) id:442938880 Text:Нет State:Test_factory:state
[2021-06-28 16:28:49,469] (I:frontend.question) id:442938880 Text:Нет State:Test_factory:state
[2021-06-28 16:28:53,411] (I:frontend.question) id:442938880 Text:Нет State:Test_factory:state
[2021-06-28 16:28:53,659] (E:asyncio) Task exception was never retrieved
future: <Task finished name='Task-63' coro=<Dispatcher._process_polling_updates() done, defined at C:\Users\8523~1\AppData\Local\pypoetry\Cache\virtualenvs\бот-обучение-нейросети-ZPkFq4qh-py3.8\lib\site-packages\aiogram\dispatcher\dispatcher.py:409> exception=BadRequest('There is no caption in the message to edit')>
Traceback (most recent call last):
  File "C:\Users\8523~1\AppData\Local\pypoetry\Cache\virtualenvs\бот-обучение-нейросети-ZPkFq4qh-py3.8\lib\site-packages\aiogram\bot\api.py", line 139, in make_request
    async with session.post(url, data=req, **kwargs) as response:
  File "C:\Users\8523~1\AppData\Local\pypoetry\Cache\virtualenvs\бот-обучение-нейросети-ZPkFq4qh-py3.8\lib\site-packages\aiohttp\client.py", line 1117, in __aenter__
    self._resp = await self._coro
  File "C:\Users\8523~1\AppData\Local\pypoetry\Cache\virtualenvs\бот-обучение-нейросети-ZPkFq4qh-py3.8\lib\site-packages\aiohttp\client.py", line 544, in _request
    await resp.start(conn)
  File "C:\Users\8523~1\AppData\Local\pypoetry\Cache\virtualenvs\бот-обучение-нейросети-ZPkFq4qh-py3.8\lib\site-packages\aiohttp\client_reqrep.py", line 890, in start
    message, payload = await self._protocol.read()  # type: ignore
  File "C:\Users\8523~1\AppData\Local\pypoetry\Cache\virtualenvs\бот-обучение-нейросети-ZPkFq4qh-py3.8\lib\site-packages\aiohttp\streams.py", line 604, in read
    await self._waiter
aiohttp.client_exceptions.ServerDisconnectedError: Server disconnected

During handling of the above exception, another exception occurred:

Traceback (most recent call last):
  File "C:\Users\Александр\OneDrive\Програмирование\боты\Бот для нейронки\frontend\question.py", line 45, in query_q
    await call.message.edit_text(request.caption, reply_markup=request.markup)
  File "C:\Users\8523~1\AppData\Local\pypoetry\Cache\virtualenvs\бот-обучение-нейросети-ZPkFq4qh-py3.8\lib\site-packages\aiogram\types\message.py", line 2614, in edit_text
    return await self.bot.edit_message_text(
  File "C:\Users\8523~1\AppData\Local\pypoetry\Cache\virtualenvs\бот-обучение-нейросети-ZPkFq4qh-py3.8\lib\site-packages\aiogram\bot\bot.py", line 2327, in edit_message_text
    result = await self.request(api.Methods.EDIT_MESSAGE_TEXT, payload)
  File "C:\Users\8523~1\AppData\Local\pypoetry\Cache\virtualenvs\бот-обучение-нейросети-ZPkFq4qh-py3.8\lib\site-packages\aiogram\bot\base.py", line 208, in request
    return await api.make_request(self.session, self.server, self.__token, method, data, files,
  File "C:\Users\8523~1\AppData\Local\pypoetry\Cache\virtualenvs\бот-обучение-нейросети-ZPkFq4qh-py3.8\lib\site-packages\aiogram\bot\api.py", line 142, in make_request
    raise exceptions.NetworkError(f"aiohttp client throws an error: {e.__class__.__name__}: {e}")
aiogram.utils.exceptions.NetworkError: Aiohttp client throws an error: ServerDisconnectedError: Server disconnected

During handling of the above exception, another exception occurred:

Traceback (most recent call last):
  File "C:\Users\8523~1\AppData\Local\pypoetry\Cache\virtualenvs\бот-обучение-нейросети-ZPkFq4qh-py3.8\lib\site-packages\aiogram\dispatcher\dispatcher.py", line 417, in _process_polling_updates
    for responses in itertools.chain.from_iterable(await self.process_updates(updates, fast)):
  File "C:\Users\8523~1\AppData\Local\pypoetry\Cache\virtualenvs\бот-обучение-нейросети-ZPkFq4qh-py3.8\lib\site-packages\aiogram\dispatcher\dispatcher.py", line 238, in process_updates
    return await asyncio.gather(*tasks)
  File "C:\Users\8523~1\AppData\Local\pypoetry\Cache\virtualenvs\бот-обучение-нейросети-ZPkFq4qh-py3.8\lib\site-packages\aiogram\dispatcher\handler.py", line 116, in notify
    response = await handler_obj.handler(*args, **partial_data)
  File "C:\Users\8523~1\AppData\Local\pypoetry\Cache\virtualenvs\бот-обучение-нейросети-ZPkFq4qh-py3.8\lib\site-packages\aiogram\dispatcher\dispatcher.py", line 286, in process_update
    return await self.callback_query_handlers.notify(update.callback_query)
  File "C:\Users\8523~1\AppData\Local\pypoetry\Cache\virtualenvs\бот-обучение-нейросети-ZPkFq4qh-py3.8\lib\site-packages\aiogram\dispatcher\handler.py", line 116, in notify
    response = await handler_obj.handler(*args, **partial_data)
  File "C:\Users\Александр\OneDrive\Програмирование\боты\Бот для нейронки\frontend\question.py", line 54, in query_q
    await call.message.edit_caption(f'Ваша оценка: {call.data}')
  File "C:\Users\8523~1\AppData\Local\pypoetry\Cache\virtualenvs\бот-обучение-нейросети-ZPkFq4qh-py3.8\lib\site-packages\aiogram\types\message.py", line 2655, in edit_caption
    return await self.bot.edit_message_caption(
  File "C:\Users\8523~1\AppData\Local\pypoetry\Cache\virtualenvs\бот-обучение-нейросети-ZPkFq4qh-py3.8\lib\site-packages\aiogram\bot\bot.py", line 2379, in edit_message_caption
    result = await self.request(api.Methods.EDIT_MESSAGE_CAPTION, payload)
  File "C:\Users\8523~1\AppData\Local\pypoetry\Cache\virtualenvs\бот-обучение-нейросети-ZPkFq4qh-py3.8\lib\site-packages\aiogram\bot\base.py", line 208, in request
    return await api.make_request(self.session, self.server, self.__token, method, data, files,
  File "C:\Users\8523~1\AppData\Local\pypoetry\Cache\virtualenvs\бот-обучение-нейросети-ZPkFq4qh-py3.8\lib\site-packages\aiogram\bot\api.py", line 140, in make_request
    return check_result(method, response.content_type, response.status, await response.text())
  File "C:\Users\8523~1\AppData\Local\pypoetry\Cache\virtualenvs\бот-обучение-нейросети-ZPkFq4qh-py3.8\lib\site-packages\aiogram\bot\api.py", line 115, in check_result
    exceptions.BadRequest.detect(description)
  File "C:\Users\8523~1\AppData\Local\pypoetry\Cache\virtualenvs\бот-обучение-нейросети-ZPkFq4qh-py3.8\lib\site-packages\aiogram\utils\exceptions.py", line 141, in detect
    raise cls(description)
aiogram.utils.exceptions.BadRequest: There is no caption in the message to edit
[2021-06-28 16:28:54,387] (I:frontend.question) id:442938880 Text:Нет State:Test_factory:state
[2021-06-28 16:28:57,347] (I:frontend.question) id:442938880 Text:Нет State:Test_factory:state
[2021-06-28 16:28:59,120] (I:frontend.question) id:442938880 Text:Да State:Test_factory:state
[2021-06-28 16:29:15,486] (I:frontend.question) id:442938880 Text:Да State:Test_factory:state
[2021-06-28 16:29:20,409] (I:frontend.question) id:442938880 Text:Да State:Test_factory:state
[2021-06-28 16:29:26,747] (I:frontend.question) id:442938880 Text:Нет State:Test_factory:state
[2021-06-28 16:29:29,715] (I:frontend.question) id:442938880 Text:Да State:Test_factory:state
[2021-06-28 16:29:35,850] (I:frontend.question) id:442938880 Text:Да State:Test_factory:state
[2021-06-28 16:29:37,898] (I:frontend.question) id:442938880 Text:Да State:Test_factory:state
[2021-06-28 16:29:40,876] (I:frontend.question) id:442938880 Text:Нет State:Test_factory:state
[2021-06-28 16:29:42,931] (I:frontend.question) id:442938880 Text:Нет State:Test_factory:state
[2021-06-28 16:29:45,171] (I:frontend.question) id:442938880 Text:Нет State:Test_factory:state
[2021-06-28 16:29:47,083] (I:frontend.question) id:442938880 Text:Да State:Test_factory:state
[2021-06-28 16:29:50,277] (I:frontend.question) id:442938880 Text:Да State:Test_factory:state
[2021-06-28 16:29:52,676] (I:frontend.question) id:442938880 Text:Да State:Test_factory:state
[2021-06-28 16:29:58,666] (I:frontend.question) id:442938880 Text:Нет State:Test_factory:state
[2021-06-28 16:30:01,362] (I:frontend.question) id:442938880 Text:Да State:Test_factory:state
[2021-06-28 16:30:06,243] (I:frontend.question) id:442938880 Text:Нет State:Test_factory:state
[2021-06-28 16:30:10,150] (I:frontend.question) id:442938880 Text:Нет State:Test_factory:state
[2021-06-28 16:30:12,923] (I:frontend.question) id:442938880 Text:Нет State:Test_factory:state
[2021-06-28 16:30:16,232] (I:frontend.question) id:442938880 Text:Нет State:Test_factory:state
[2021-06-28 16:30:19,779] (I:frontend.question) id:442938880 Text:Да State:Test_factory:state
[2021-06-28 16:30:22,601] (I:frontend.question) id:442938880 Text:Нет State:Test_factory:state
[2021-06-28 16:30:24,951] (I:frontend.question) id:442938880 Text:Нет State:Test_factory:state
[2021-06-28 16:30:27,170] (I:frontend.question) id:442938880 Text:Нет State:Test_factory:state
[2021-06-28 16:30:30,533] (I:frontend.question) id:442938880 Text:Нет State:Test_factory:state
[2021-06-28 16:30:32,922] (I:frontend.question) id:442938880 Text:Нет State:Test_factory:state
[2021-06-28 16:30:37,299] (I:frontend.question) id:442938880 Text:Нет State:Test_factory:state
[2021-06-28 16:30:39,537] (I:frontend.question) id:442938880 Text:Нет State:Test_factory:state
[2021-06-28 16:30:43,511] (I:frontend.question) id:442938880 Text:Да State:Test_factory:state
[2021-06-28 16:30:45,682] (I:frontend.question) id:442938880 Text:Да State:Test_factory:state
[2021-06-28 16:30:48,462] (I:frontend.question) id:442938880 Text:Да State:Test_factory:state
[2021-06-28 16:30:51,621] (I:frontend.question) id:442938880 Text:Да State:Test_factory:state
[2021-06-28 16:30:54,707] (I:frontend.question) id:442938880 Text:Да State:Test_factory:state
[2021-06-28 16:30:58,378] (I:frontend.question) id:442938880 Text:Нет State:Test_factory:state
[2021-06-28 16:31:12,004] (I:frontend.question) id:442938880 Text:Нет State:Test_factory:state
[2021-06-28 16:31:15,816] (I:frontend.question) id:442938880 Text:Нет State:Test_factory:state
[2021-06-28 16:31:19,735] (I:frontend.question) id:442938880 Text:Нет State:Test_factory:state
[2021-06-28 16:31:22,001] (I:frontend.question) id:442938880 Text:Да State:Test_factory:state
[2021-06-28 16:31:26,134] (I:frontend.question) id:442938880 Text:Нет State:Test_factory:state
[2021-06-28 16:31:28,242] (I:frontend.question) id:442938880 Text:Нет State:Test_factory:state
[2021-06-28 16:31:30,854] (I:frontend.question) id:442938880 Text:Да State:Test_factory:state
[2021-06-28 16:31:33,848] (I:frontend.question) id:442938880 Text:Нет State:Test_factory:state
[2021-06-28 16:31:38,017] (I:frontend.question) id:442938880 Text:Да State:Test_factory:state
[2021-06-28 16:31:38,704] (I:frontend.question) id:442938880 Text:Да State:Test_factory:state
[2021-06-28 16:31:41,328] (I:frontend.question) id:442938880 Text:Да State:Test_factory:state
[2021-06-28 16:31:43,476] (I:frontend.question) id:442938880 Text:Нет State:Test_factory:state
[2021-06-28 16:31:46,552] (I:frontend.question) id:442938880 Text:Да State:Test_factory:state
[2021-06-28 16:31:48,746] (I:frontend.question) id:442938880 Text:Да State:Test_factory:state
[2021-06-28 16:31:50,846] (I:frontend.question) id:442938880 Text:Да State:Test_factory:state
[2021-06-28 16:31:53,386] (I:frontend.question) id:442938880 Text:Да State:Test_factory:state
[2021-06-28 16:32:01,069] (I:frontend.question) id:442938880 Text:Да State:Test_factory:state
[2021-06-28 16:32:03,755] (I:frontend.question) id:442938880 Text:Нет State:Test_factory:state
[2021-06-28 16:32:05,947] (I:frontend.question) id:442938880 Text:Нет State:Test_factory:state
[2021-06-28 16:32:08,204] (I:frontend.question) id:442938880 Text:Нет State:Test_factory:state
[2021-06-28 16:32:11,012] (I:frontend.question) id:442938880 Text:Да State:Test_factory:state
[2021-06-28 16:32:13,434] (I:frontend.question) id:442938880 Text:Да State:Test_factory:state
[2021-06-28 16:32:15,589] (I:frontend.question) id:442938880 Text:Да State:Test_factory:state
[2021-06-28 16:32:20,401] (I:frontend.question) id:442938880 Text:Нет State:Test_factory:state
[2021-06-28 16:32:22,454] (I:frontend.question) id:442938880 Text:Да State:Test_factory:state
[2021-06-28 16:32:25,314] (I:frontend.question) id:442938880 Text:Да State:Test_factory:state
[2021-06-28 16:32:28,383] (I:frontend.question) id:442938880 Text:Нет State:Test_factory:state
[2021-06-28 16:32:31,923] (I:frontend.question) id:442938880 Text:Да State:Test_factory:state
[2021-06-28 16:32:34,392] (I:frontend.question) id:442938880 Text:Да State:Test_factory:state
[2021-06-28 16:32:36,869] (I:frontend.question) id:442938880 Text:Нет State:Test_factory:state
[2021-06-28 16:32:39,425] (I:frontend.question) id:442938880 Text:Нет State:Test_factory:state
[2021-06-28 16:32:43,140] (I:frontend.question) id:442938880 Text:Да State:Test_factory:state
[2021-06-28 16:32:45,485] (I:frontend.question) id:442938880 Text:Нет State:Test_factory:state
[2021-06-28 16:32:54,508] (I:frontend.question) id:442938880 Text:Да State:Test_factory:state
[2021-06-28 16:32:57,318] (I:frontend.question) id:442938880 Text:Нет State:Test_factory:state
[2021-06-28 16:33:02,588] (I:frontend.question) id:442938880 Text:Да State:Test_factory:state
[2021-06-28 16:33:18,008] (I:frontend.question) id:442938880 Text:Да State:Test_factory:state
[2021-06-28 16:33:25,281] (I:frontend.question) id:442938880 Text:Да State:Test_factory:state
[2021-06-28 16:33:28,179] (I:frontend.question) id:442938880 Text:Нет State:Test_factory:state
[2021-06-28 16:33:34,352] (I:frontend.question) id:442938880 Text:Нет State:Test_factory:state
[2021-06-28 16:33:35,191] (I:frontend.question) id:442938880 Text:Нет State:Test_factory:state
[2021-06-28 16:33:45,379] (I:frontend.question) id:442938880 Text:Да State:Test_factory:state
[2021-06-28 16:33:48,270] (I:frontend.question) id:442938880 Text:Да State:Test_factory:state
[2021-06-28 16:33:50,031] (I:frontend.question) id:442938880 Text:Нет State:Test_factory:state
[2021-06-28 16:33:52,364] (I:frontend.question) id:442938880 Text:Нет State:Test_factory:state
[2021-06-28 16:33:54,693] (I:frontend.question) id:442938880 Text:Нет State:Test_factory:state
[2021-06-28 16:33:58,021] (I:frontend.question) id:442938880 Text:Да State:Test_factory:state
[2021-06-28 16:34:01,676] (I:frontend.question) id:442938880 Text:Нет State:Test_factory:state
[2021-06-28 16:34:04,145] (I:frontend.question) id:442938880 Text:Нет State:Test_factory:state
[2021-06-28 16:34:06,462] (I:frontend.question) id:442938880 Text:Нет State:Test_factory:state
[2021-06-28 16:34:08,766] (I:frontend.question) id:442938880 Text:Нет State:Test_factory:state
[2021-06-28 16:34:14,437] (I:frontend.question) id:442938880 Text:Да State:Test_factory:state
[2021-06-28 16:34:16,943] (I:frontend.question) id:442938880 Text:Да State:Test_factory:state
[2021-06-28 16:34:20,235] (I:frontend.question) id:442938880 Text:Нет State:Test_factory:state
[2021-06-28 16:34:22,519] (I:frontend.question) id:442938880 Text:Нет State:Test_factory:state
[2021-06-28 16:34:27,370] (I:frontend.question) id:442938880 Text:Да State:Test_factory:state
[2021-06-28 16:34:29,113] (I:frontend.question) id:442938880 Text:Да State:Test_factory:state
[2021-06-28 16:34:32,204] (I:frontend.question) id:442938880 Text:Да State:Test_factory:state
[2021-06-28 16:34:34,036] (I:frontend.question) id:442938880 Text:Да State:Test_factory:state
[2021-06-28 16:34:40,484] (I:frontend.question) id:442938880 Text:Понятно State:Test_factory:state
[2021-06-28 16:34:59,560] (I:frontend.question) id:442938880 Text:4 State:Test_factory:state
[2021-06-28 16:35:02,854] (I:frontend.question) id:442938880 Text:1 State:Test_factory:state
[2021-06-28 16:35:07,517] (I:frontend.question) id:442938880 Text:6 State:Test_factory:state
[2021-06-28 16:35:13,590] (I:frontend.question) id:442938880 Text:5 State:Test_factory:state
[2021-06-28 16:35:16,721] (I:frontend.question) id:442938880 Text:1 State:Test_factory:state
[2021-06-28 16:35:19,097] (I:frontend.question) id:442938880 Text:1 State:Test_factory:state
[2021-06-28 16:35:22,971] (I:frontend.question) id:442938880 Text:6 State:Test_factory:state
[2021-06-28 16:35:27,037] (I:frontend.question) id:442938880 Text:4 State:Test_factory:state
[2021-06-28 16:35:27,167] (I:oauth2client.transport) Attempting refresh to obtain initial access_token
[2021-06-28 16:35:27,195] (I:oauth2client.client) Refreshing access_token
[2021-06-28 16:41:46,149] (I:aiogram.dispatcher.dispatcher) Stop polling...
[2021-06-28 16:41:46,150] (W:aiogram) Goodbye!
